Unity Editor version:    6000.2.2f1 (ea398eefe1c2)
Branch:                  6000.2/staging
Build type:              Release
Batch mode:              YES
macOS version:           Version 14.5 (Build 23F79)
Darwin version:          23.5.0
Architecture:            arm64
Running under Rosetta:   NO
Available memory:        8192 MB
Date:                    2025-09-18T22:51:54Z
[Licensing::Module] Trying to connect to existing licensing client channel...
[Licensing::IpcConnector] Successfully connected to: "LicenseClient-okamotoyayoi" at "2025-09-18T22:51:54.510661Z"

COMMAND LINE ARGUMENTS:
/Applications/Unity/Hub/Editor/6000.2.2f1/Unity.app/Contents/MacOS/Unity
-adb2
-batchMode
-noUpm
-name
AssetImportWorker1
-projectPath
/Users/okamotoyayoi/Documents/Fireworks
-logFile
Logs/AssetImportWorker1.log
-srvPort
52874
-licensingIpc
LicenseClient-okamotoyayoi
-job-worker-count
3
-background-job-worker-count
8
-gc-helper-count
1
-name AssetImport
Successfully changed project path to: /Users/okamotoyayoi/Documents/Fireworks
/Users/okamotoyayoi/Documents/Fireworks
[UnityMemory] Configuration Parameters - Can be set up in boot.config
    "memorysetup-allocator-temp-initial-block-size-main=262144"
    "memorysetup-allocator-temp-initial-block-size-worker=262144"
    "memorysetup-bucket-allocator-granularity=16"
    "memorysetup-bucket-allocator-bucket-count=8"
    "memorysetup-bucket-allocator-block-size=33554432"
    "memorysetup-bucket-allocator-block-count=8"
    "memorysetup-main-allocator-block-size=16777216"
    "memorysetup-thread-allocator-block-size=16777216"
    "memorysetup-gfx-main-allocator-block-size=16777216"
    "memorysetup-gfx-thread-allocator-block-size=16777216"
    "memorysetup-cache-allocator-block-size=4194304"
    "memorysetup-typetree-allocator-block-size=2097152"
    "memorysetup-profiler-bucket-allocator-granularity=16"
    "memorysetup-profiler-bucket-allocator-bucket-count=8"
    "memorysetup-profiler-bucket-allocator-block-size=33554432"
    "memorysetup-profiler-bucket-allocator-block-count=8"
    "memorysetup-profiler-allocator-block-size=16777216"
    "memorysetup-profiler-editor-allocator-block-size=1048576"
    "memorysetup-temp-allocator-size-main=16777216"
    "memorysetup-job-temp-allocator-block-size=2097152"
    "memorysetup-job-temp-allocator-block-size-background=1048576"
    "memorysetup-job-temp-allocator-reduction-small-platforms=262144"
    "memorysetup-temp-allocator-size-background-worker=32768"
    "memorysetup-temp-allocator-size-job-worker=262144"
    "memorysetup-temp-allocator-size-preload-manager=33554432"
    "memorysetup-temp-allocator-size-nav-mesh-worker=65536"
    "memorysetup-temp-allocator-size-audio-worker=65536"
    "memorysetup-temp-allocator-size-cloud-worker=32768"
    "memorysetup-temp-allocator-size-gi-baking-worker=262144"
    "memorysetup-temp-allocator-size-gi-baking-worker=262144"
    "memorysetup-temp-allocator-size-gi-baking-worker=262144"
    "memorysetup-temp-allocator-size-gi-baking-worker=262144"
    "memorysetup-temp-allocator-size-gi-baking-worker=262144"
    "memorysetup-temp-allocator-size-gfx=262144"
Player connection [8701660160]  Target information:

Player connection [8701660160]  * "[IP] 192.168.11.8 [Port] 0 [Flags] 2 [Guid] 1492340571 [EditorId] 1492340571 [Version] 1048832 [Id] OSXEditor(0,okamotoyayoinoMacBook-Air.local) [Debug] 1 [PackageName] OSXEditor [ProjectName] Editor" 

Player connection [8701660160] Host joined multi-casting on [225.0.0.222:54997]...
Player connection [8701660160] Host joined alternative multi-casting on [225.0.0.222:34997]...
JobSystem: Creating JobQueue using job-worker-count value 3
Input System module state changed to: Initialized.
[Physics::Module] Initialized fallback backend.
[Physics::Module] Id: 0xdecafbad
Library Redirect Path: Library/
[Physics::Module] Selected backend.
[Physics::Module] Name: PhysX
[Physics::Module] Id: 0xf2b8ea05
[Physics::Module] SDK Version: 4.1.2
[Physics::Module] Integration Version: 1.0.0
[Physics::Module] Threading Mode: Multi-Threaded
[Licensing::Module] Licensing is not yet initialized.
[Licensing::Client] Code 10 while verifying Licensing Client signature (process Id: 14375, path: "/Applications/Unity Hub.app/Contents/Frameworks/UnityLicensingClient_V1.app/Contents/MacOS/Unity.Licensing.Client")
[Licensing::Module] LicensingClient has failed validation; ignoring
[Licensing::Client] Error: HandshakeResponse reported an error:
	ResponseCode: 505
	ResponseStatus: Unsupported protocol version '1.17.2'.
[Licensing::Module] Error: Failed to handshake to channel: "LicenseClient-okamotoyayoi"
[Licensing::IpcConnector] LicenseClient-okamotoyayoi channel disconnected successfully.
[Licensing::IpcConnector] Successfully connected to: "LicenseClient-okamotoyayoi-6000.2.2" at "2025-09-18T22:51:55.740837Z"
[Licensing::Client] Code 1 while verifying Licensing Client signature (process Id: 8906, path: "/Applications/Unity/Hub/Editor/6000.2.2f1/Unity.app/Contents/Frameworks/UnityLicensingClient.app/Contents/MacOS/Unity.Licensing.Client")
[Licensing::Module] LicensingClient has failed validation; ignoring
[Licensing::Client] Handshaking with LicensingClient:
  Version:                 1.17.2+ff71f16
  Session Id:              c298facab9b14fdf9368e4163da8c49c
  Correlation Id:          f91dc766dc6c14207497784962e066a8
  External correlation Id: 7810596760551817521
  Machine Id:              vOyBiLo16VMUqum6ggQ2jDzacsY=
[Licensing::Module] Successfully connected to LicensingClient on channel: "LicenseClient-okamotoyayoi-6000.2.2" (connect: 0.00s, validation: 0.01s, handshake: 0.09s)
[Licensing::IpcConnector] Successfully connected to: "LicenseClient-okamotoyayoi-6000.2.2-notifications" at "2025-09-18T22:51:55.840814Z"
[Licensing::Module] Licensing Background thread has ended after 1.33s
[Licensing::Module] Licensing is initialized (took 0.70s).
[Licensing::Client] Successfully resolved entitlement details
[Licensing::Module] License group:
  Id: F4-6BHM-42VW-SVTZ-Q675-XXXX
  Product: Unity Personal
  Type: ULF
  Expiration: Unlimited
[Licensing::Module] License group:
  Id: 15668687907970-UnityPersXXXX
  Product: Unity Personal
  Type: Assigned
  Expiration: Unlimited
Refreshing native plugins compatible for Editor in 484.75 ms, found 10 plugins.
Preloading 2 native plugins for Editor in 16.13 ms.
Initialize engine version: 6000.2.2f1 (ea398eefe1c2)
[Subsystems] Discovering subsystems at path /Applications/Unity/Hub/Editor/6000.2.2f1/Unity.app/Contents/Resources/UnitySubsystems
[Subsystems] Discovering subsystems at path /Users/okamotoyayoi/Documents/Fireworks/Assets
GfxDevice: creating device client; kGfxThreadingModeNonThreaded
 preferred device: Apple M1 (high power)
Metal devices available: 1
0: Apple M1 (high power)
Using device Apple M1 (high power)
Initializing Metal device caps: Apple M1
Mac GPU Family: 2
Apple GPU Family: 7
MSL Version: 3.0
Has Float MSAA: 1
Has Float Filtering: 1
ReadWrite Texture Tier: 2
Shader 'Meta/MRUK/Scene/HighlightsAndShadows': fallback shader 'Off' not found
Shader 'Oculus/OVRMRCameraFrameLit': fallback shader 'Alpha-Diffuse' not found
Initialize mono
Mono path[0] = '/Applications/Unity/Hub/Editor/6000.2.2f1/Unity.app/Contents/Managed'
Mono path[1] = '/Applications/Unity/Hub/Editor/6000.2.2f1/Unity.app/Contents/MonoBleedingEdge/lib/mono/unityjit-macos'
Mono config path = '/Applications/Unity/Hub/Editor/6000.2.2f1/Unity.app/Contents/MonoBleedingEdge/etc'
Using monoOptions --debugger-agent=transport=dt_socket,embedding=1,server=y,suspend=n,address=127.0.0.1:56744
Begin MonoManager ReloadAssembly
Registering precompiled unity dll's ...
Register platform support module: /Applications/Unity/Hub/Editor/6000.2.2f1/PlaybackEngines/WebGLSupport/UnityEditor.WebGL.Extensions.dll
Register platform support module: /Applications/Unity/Hub/Editor/6000.2.2f1/Unity.app/Contents/PlaybackEngines/MacStandaloneSupport/UnityEditor.OSXStandalone.Extensions.dll
Register platform support module: /Applications/Unity/Hub/Editor/6000.2.2f1/PlaybackEngines/AndroidPlayer/UnityEditor.Android.Extensions.dll
Registered in 0.006839 seconds.
- Loaded All Assemblies, in  1.389 seconds
Native extension for Android target not found
Android Extension - Scanning For ADB Devices 113 ms
Native extension for OSXStandalone target not found
Native extension for WebGL target not found
Mono: successfully reloaded assembly
- Finished resetting the current domain, in  1.267 seconds
Domain Reload Profiling: 2658ms
	BeginReloadAssembly (988ms)
		ExecutionOrderSort (0ms)
		DisableScriptedObjects (0ms)
		BackupInstance (0ms)
		ReleaseScriptingObjects (0ms)
		CreateAndSetChildDomain (1ms)
	RebuildCommonClasses (93ms)
	RebuildNativeTypeToScriptingClass (12ms)
	initialDomainReloadingComplete (67ms)
	LoadAllAssembliesAndSetupDomain (230ms)
		LoadAssemblies (993ms)
		RebuildTransferFunctionScriptingTraits (0ms)
		AnalyzeDomain (219ms)
			TypeCache.Refresh (216ms)
				TypeCache.ScanAssembly (196ms)
			BuildScriptInfoCaches (1ms)
			ResolveRequiredComponents (1ms)
	FinalizeReload (1268ms)
		ReleaseScriptCaches (0ms)
		RebuildScriptCaches (0ms)
		SetupLoadedEditorAssemblies (689ms)
			LogAssemblyErrors (0ms)
			InitializePlatformSupportModulesInManaged (330ms)
			SetLoadedEditorAssemblies (4ms)
			BeforeProcessingInitializeOnLoad (132ms)
			ProcessInitializeOnLoadAttributes (123ms)
			ProcessInitializeOnLoadMethodAttributes (100ms)
			AfterProcessingInitializeOnLoad (0ms)
			EditorAssembliesLoaded (1ms)
		ExecutionOrderSort2 (0ms)
		AwakeInstancesAfterBackupRestoration (0ms)
========================================================================
Worker process is ready to serve import requests
Import Worker Mode flag is 0x00
Begin MonoManager ReloadAssembly
[Licensing::Client] Successfully resolved entitlement details
[Licensing::Module] License group:
  Id: F4-6BHM-42VW-SVTZ-Q675-XXXX
  Product: Unity Personal
  Type: ULF
  Expiration: Unlimited
[Licensing::Module] License group:
  Id: 15668687907970-UnityPersXXXX
  Product: Unity Personal
  Type: Assigned
  Expiration: Unlimited
Symbol file LoadedFromMemory is not a mono symbol file
- Loaded All Assemblies, in  3.253 seconds
Script 'CharacterController' has the same name as built-in Unity component.
AddComponent and GetComponent will not work with this script.
'Packages/com.meta.xr.sdk.core/Editor/BuildingBlocks/BlocksWindow.cs' contains partial class of Unity.Object, exactly 1 of the partial classes needs to be in a file with the same filename. This is to know the one that can be referenced from ie. GameObjects
'Packages/com.meta.xr.sdk.core/Editor/BuildingBlocks/BlocksWindowDetailsExtension.cs' contains partial class of Unity.Object, exactly 1 of the partial classes needs to be in a file with the same filename. This is to know the one that can be referenced from ie. GameObjects
'Packages/com.meta.xr.sdk.core/Editor/BuildingBlocks/BlocksWindowCollectionsPageExtension.cs' contains partial class of Unity.Object, exactly 1 of the partial classes needs to be in a file with the same filename. This is to know the one that can be referenced from ie. GameObjects
Refreshing native plugins compatible for Editor in 19.96 ms, found 10 plugins.
Native extension for Android target not found
Native extension for OSXStandalone target not found
Native extension for WebGL target not found
Package Manager log level set to [2]
[Package Manager] Failed to launch server process. Reason: Unity was launched with the -noUpm command-line argument
[Package Manager] Unable to send message (not connected to server process).
[Package Manager] Cannot connect to Unity Package Manager local server
[Package Manager] Failed to launch server process. Reason: Unity was launched with the -noUpm command-line argument
[Package Manager] Unable to send message (not connected to server process).
[Package Manager] Cannot connect to Unity Package Manager local server
Refreshing native plugins compatible for Editor in 5.31 ms, found 10 plugins.
19/09 07:52:06.104 {DEBUG}   [AnalyticsLifeTime] Pre initialization finished.
[Package Manager] Failed to launch server process. Reason: Unity was launched with the -noUpm command-line argument
[Package Manager] Unable to send message (not connected to server process).
[Package Manager] Cannot connect to Unity Package Manager local server
  % Total    % Received % Xferd  Average Speed   Time    Time     Time  Current
                                 Dload  Upload   Total   Spent    Left  Speed
  0     0    0     0    0     0      0      0 --:--:-- --:--:-- --:--:--     0100    30    0    30    0     0    145      0 --:--:-- --:--:-- --:--:--   145
[Package Manager] Failed to launch server process. Reason: Unity was launched with the -noUpm command-line argument
[Package Manager] Unable to send message (not connected to server process).
[Package Manager] Cannot connect to Unity Package Manager local server
Mono: successfully reloaded assembly
[Package Manager] Failed to launch server process. Reason: Unity was launched with the -noUpm command-line argument
[Package Manager] Unable to send message (not connected to server process).
[Package Manager] Cannot connect to Unity Package Manager local server
[Package Manager] Failed to launch server process. Reason: Unity was launched with the -noUpm command-line argument
[Package Manager] Unable to send message (not connected to server process).
[Package Manager] Cannot connect to Unity Package Manager local server
- Finished resetting the current domain, in  1.619 seconds
Domain Reload Profiling: 4871ms
	BeginReloadAssembly (214ms)
		ExecutionOrderSort (0ms)
		DisableScriptedObjects (5ms)
		BackupInstance (0ms)
		ReleaseScriptingObjects (0ms)
		CreateAndSetChildDomain (60ms)
	RebuildCommonClasses (33ms)
	RebuildNativeTypeToScriptingClass (11ms)
	initialDomainReloadingComplete (37ms)
	LoadAllAssembliesAndSetupDomain (2958ms)
		LoadAssemblies (2429ms)
		RebuildTransferFunctionScriptingTraits (0ms)
		AnalyzeDomain (609ms)
			TypeCache.Refresh (514ms)
				TypeCache.ScanAssembly (476ms)
			BuildScriptInfoCaches (74ms)
			ResolveRequiredComponents (17ms)
	FinalizeReload (1619ms)
		ReleaseScriptCaches (0ms)
		RebuildScriptCaches (0ms)
		SetupLoadedEditorAssemblies (1268ms)
			LogAssemblyErrors (0ms)
			InitializePlatformSupportModulesInManaged (7ms)
			SetLoadedEditorAssemblies (7ms)
			BeforeProcessingInitializeOnLoad (150ms)
			ProcessInitializeOnLoadAttributes (1055ms)
			ProcessInitializeOnLoadMethodAttributes (48ms)
			AfterProcessingInitializeOnLoad (1ms)
			EditorAssembliesLoaded (0ms)
		ExecutionOrderSort2 (0ms)
		AwakeInstancesAfterBackupRestoration (2ms)
WARNING: Shader Unsupported: 'Universal Render Pipeline/VR/SpatialMapping/Wireframe' - All subshaders removed
WARNING: Shader Did you use #pragma only_renderers and omit this platform?
WARNING: Shader If subshaders removal was intentional, you may have forgotten turning Fallback off?
WARNING: Shader Unsupported: 'Universal Render Pipeline/VR/SpatialMapping/Wireframe' - All subshaders removed
WARNING: Shader Did you use #pragma only_renderers and omit this platform?
WARNING: Shader If subshaders removal was intentional, you may have forgotten turning Fallback off?
Shader 'Oculus/OVRMRCameraFrameLit': fallback shader 'Alpha-Diffuse' not found
Shader 'Meta/MRUK/Scene/HighlightsAndShadows': fallback shader 'Off' not found
[OVRPlugin][INFO] UnityPluginLoad called
Launching external process: /Applications/Unity/Hub/Editor/6000.2.2f1/Unity.app/Contents/Tools/UnityShaderCompiler
Launched and connected shader compiler UnityShaderCompiler after 0.09 seconds
Refreshing native plugins compatible for Editor in 5.45 ms, found 10 plugins.
Preloading 2 native plugins for Editor in 0.62 ms.
Unloading 18 Unused Serialized files (Serialized files now loaded: 0)
Unloading 9125 unused Assets / (4.7 MB). Loaded Objects now: 9913.
Memory consumption went from 237.9 MB to 233.3 MB.
Total: 66.074792 ms (FindLiveObjects: 14.813208 ms CreateObjectMapping: 2.291625 ms MarkObjects: 39.921125 ms  DeleteObjects: 9.041625 ms)

========================================================================
Received Import Request.
  Time since last request: 165953.756851 seconds.
  path: Assets/My_sound/cricket-grassland-1.mp3
  artifactKey: Guid(1a84448e9a32644329a308809be44092) Importer(815301076,1909f56bfc062723c751e8b465ee728b)
Start importing Assets/My_sound/cricket-grassland-1.mp3 using Guid(1a84448e9a32644329a308809be44092) Importer(815301076,1909f56bfc062723c751e8b465ee728b) (PreviewImporter) -> (artifact id: '01bd8f66039972146f2ccdcb94cf50fd') in 0.183302292 seconds
Number of updated asset objects reloaded before import = 0Number of asset objects unloaded after import = 2

sh: /Applications/Meta: No such file or directory
sh: /Applications/Meta: No such file or directory
sh: /Applications/Meta: No such file or directory
sh: /Applications/Meta: No such file or directory
sh: /Applications/Meta: No such file or directory
sh: /Applications/Meta: No such file or directory
sh: /Applications/Meta: No such file or directory
sh: /Applications/Meta: No such file or directory
sh: /Applications/Meta: No such file or directory
sh: /Applications/Meta: No such file or directory
sh: /Applications/Meta: No such file or directory
sh: /Applications/Meta: No such file or directory
sh: /Applications/Meta: No such file or directory
sh: /Applications/Meta: No such file or directory
sh: /Applications/Meta: No such file or directory
sh: /Applications/Meta: No such file or directory
sh: /Applications/Meta: No such file or directory
sh: /Applications/Meta: No such file or directory
sh: /Applications/Meta: No such file or directory
sh: /Applications/Meta: No such file or directory
sh: /Applications/Meta: No such file or directory
sh: /Applications/Meta: No such file or directory
sh: /Applications/Meta: No such file or directory
sh: /Applications/Meta: No such file or directory
sh: /Applications/Meta: No such file or directory
sh: /Applications/Meta: No such file or directory
sh: /Applications/Meta: No such file or directory
sh: /Applications/Meta: No such file or directory
sh: /Applications/Meta: No such file or directory
sh: /Applications/Meta: No such file or directory
sh: /Applications/Meta: No such file or directory
sh: /Applications/Meta: No such file or directory
sh: /Applications/Meta: No such file or directory
sh: /Applications/Meta: No such file or directory
sh: /Applications/Meta: No such file or directory
sh: /Applications/Meta: No such file or directory
sh: /Applications/Meta: No such file or directory
sh: /Applications/Meta: No such file or directory
sh: /Applications/Meta: No such file or directory
sh: /Applications/Meta: No such file or directory
sh: /Applications/Meta: No such file or directory
sh: /Applications/Meta: No such file or directory
sh: /Applications/Meta: No such file or directory
sh: /Applications/Meta: No such file or directory
sh: /Applications/Meta: No such file or directory
sh: /Applications/Meta: No such file or directory
sh: /Applications/Meta: No such file or directory
sh: /Applications/Meta: No such file or directory
sh: /Applications/Meta: No such file or directory
sh: /Applications/Meta: No such file or directory
sh: /Applications/Meta: No such file or directory
sh: /Applications/Meta: No such file or directory
sh: /Applications/Meta: No such file or directory
sh: /Applications/Meta: No such file or directory
sh: /Applications/Meta: No such file or directory
sh: /Applications/Meta: No such file or directory
sh: /Applications/Meta: No such file or directory
sh: /Applications/Meta: No such file or directory
sh: /Applications/Meta: No such file or directory
sh: /Applications/Meta: No such file or directory
sh: /Applications/Meta: No such file or directory
sh: /Applications/Meta: No such file or directory
sh: /Applications/Meta: No such file or directory
sh: /Applications/Meta: No such file or directory
sh: /Applications/Meta: No such file or directory
sh: /Applications/Meta: No such file or directory
sh: /Applications/Meta: No such file or directory
sh: /Applications/Meta: No such file or directory
sh: /Applications/Meta: No such file or directory
sh: /Applications/Meta: No such file or directory
sh: /Applications/Meta: No such file or directory
sh: /Applications/Meta: No such file or directory
sh: /Applications/Meta: No such file or directory
sh: /Applications/Meta: No such file or directory
sh: /Applications/Meta: No such file or directory
sh: /Applications/Meta: No such file or directory
sh: /Applications/Meta: No such file or directory
sh: /Applications/Meta: No such file or directory
sh: /Applications/Meta: No such file or directory
sh: /Applications/Meta: No such file or directory
sh: /Applications/Meta: No such file or directory
sh: /Applications/Meta: No such file or directory
sh: /Applications/Meta: No such file or directory
sh: /Applications/Meta: No such file or directory
sh: /Applications/Meta: No such file or directory
